============================= test session starts =============================
platform win32 -- Python 3.11.7, pytest-8.4.2, pluggy-1.6.0 -- C:\Users\Viswa\AppData\Local\Programs\Python\Python311\python.exe
cachedir: .pytest_cache
rootdir: D:\Lynvia\backend
plugins: anyio-4.13.0
collecting ... collected 35 items

tests/test_disputes.py::test_client_creates_dispute PASSED               [  2%]
tests/test_disputes.py::test_designer_creates_dispute PASSED             [  5%]
tests/test_disputes.py::test_unrelated_user_cannot_create_dispute PASSED [  8%]
tests/test_disputes.py::test_unauthenticated_cannot_create_dispute PASSED [ 11%]
tests/test_disputes.py::test_description_too_short_rejected PASSED       [ 14%]
tests/test_disputes.py::test_invalid_reason_rejected PASSED              [ 17%]
tests/test_disputes.py::test_duplicate_active_dispute_rejected PASSED    [ 20%]
tests/test_disputes.py::test_participant_can_get_dispute PASSED          [ 22%]
tests/test_disputes.py::test_unrelated_user_cannot_get_dispute PASSED    [ 25%]
tests/test_disputes.py::test_list_project_disputes PASSED                [ 28%]
tests/test_disputes.py::test_admin_can_move_to_under_review PASSED       [ 31%]
tests/test_disputes.py::test_invalid_transition_rejected PASSED          [ 34%]
tests/test_disputes.py::test_non_admin_cannot_change_status PASSED       [ 37%]
tests/test_disputes.py::test_creator_can_cancel_own_dispute PASSED       [ 40%]
tests/test_disputes.py::test_non_creator_cannot_cancel_dispute PASSED    [ 42%]
tests/test_disputes.py::test_valid_response PASSED                       [ 45%]
tests/test_disputes.py::test_unauthorized_response_rejected PASSED       [ 48%]
tests/test_disputes.py::test_response_on_resolved_dispute_rejected PASSED [ 51%]
tests/test_disputes.py::test_list_responses PASSED                       [ 54%]
tests/test_disputes.py::test_non_admin_cannot_resolve PASSED             [ 57%]
tests/test_disputes.py::test_admin_no_refund_resolution PASSED           [ 60%]
tests/test_disputes.py::test_duplicate_resolution_prevented PASSED       [ 62%]
tests/test_disputes.py::test_full_refund_resolution PASSED               [ 65%]
tests/test_disputes.py::test_partial_refund_resolution PASSED            [ 68%]
tests/test_disputes.py::test_partial_refund_exceeds_payment_rejected PASSED [ 71%]
tests/test_disputes.py::test_release_to_designer_resolution PASSED       [ 74%]
tests/test_disputes.py::test_ledger_history_preserved_after_refund PASSED [ 77%]
tests/test_disputes.py::test_dispute_created_notification_sent_to_opposing_party PASSED [ 80%]
tests/test_disputes.py::test_dispute_creator_does_not_get_own_dispute_notification PASSED [ 82%]
tests/test_disputes.py::test_response_notification_sent_to_other_party PASSED [ 85%]
tests/test_disputes.py::test_resolution_notification_sent_to_both_parties PASSED [ 88%]
tests/test_disputes.py::test_admin_can_reject_dispute PASSED             [ 91%]
tests/test_disputes.py::test_non_admin_cannot_reject_dispute PASSED      [ 94%]
tests/test_disputes.py::test_mutual_resolution PASSED                    [ 97%]
tests/test_disputes.py::test_payment_project_mismatch_rejected PASSED    [100%]

============================== warnings summary ===============================
app\core\config.py:6
  D:\Lynvia\backend\app\core\config.py:6: PydanticDeprecatedSince20: Support for class-based `config` is deprecated, use ConfigDict instead. Deprecated in Pydantic V2.0 to be removed in V3.0. See Pydantic V2 Migration Guide at https://errors.pydantic.dev/2.13/migration/
    class Settings(BaseSettings):

app\schemas\auth.py:13
  D:\Lynvia\backend\app\schemas\auth.py:13: PydanticDeprecatedSince20: Support for class-based `config` is deprecated, use ConfigDict instead. Deprecated in Pydantic V2.0 to be removed in V3.0. See Pydantic V2 Migration Guide at https://errors.pydantic.dev/2.13/migration/
    class UserOut(BaseModel):

C:\Users\Viswa\AppData\Local\Programs\Python\Python311\Lib\site-packages\pydantic\_internal\_config.py:386
C:\Users\Viswa\AppData\Local\Programs\Python\Python311\Lib\site-packages\pydantic\_internal\_config.py:386
C:\Users\Viswa\AppData\Local\Programs\Python\Python311\Lib\site-packages\pydantic\_internal\_config.py:386
C:\Users\Viswa\AppData\Local\Programs\Python\Python311\Lib\site-packages\pydantic\_internal\_config.py:386
C:\Users\Viswa\AppData\Local\Programs\Python\Python311\Lib\site-packages\pydantic\_internal\_config.py:386
C:\Users\Viswa\AppData\Local\Programs\Python\Python311\Lib\site-packages\pydantic\_internal\_config.py:386
C:\Users\Viswa\AppData\Local\Programs\Python\Python311\Lib\site-packages\pydantic\_internal\_config.py:386
  C:\Users\Viswa\AppData\Local\Programs\Python\Python311\Lib\site-packages\pydantic\_internal\_config.py:386: UserWarning: Valid config keys have changed in V2:
  * 'orm_mode' has been renamed to 'from_attributes'
    warnings.warn(message, UserWarning)

app\schemas\profile.py:19
  D:\Lynvia\backend\app\schemas\profile.py:19: PydanticDeprecatedSince20: Support for class-based `config` is deprecated, use ConfigDict instead. Deprecated in Pydantic V2.0 to be removed in V3.0. See Pydantic V2 Migration Guide at https://errors.pydantic.dev/2.13/migration/
    class ClientProfileOut(BaseModel):

app\schemas\profile.py:49
  D:\Lynvia\backend\app\schemas\profile.py:49: PydanticDeprecatedSince20: Support for class-based `config` is deprecated, use ConfigDict instead. Deprecated in Pydantic V2.0 to be removed in V3.0. See Pydantic V2 Migration Guide at https://errors.pydantic.dev/2.13/migration/
    class DesignerProfileOut(BaseModel):

app\schemas\service.py:11
  D:\Lynvia\backend\app\schemas\service.py:11: PydanticDeprecatedSince20: Support for class-based `config` is deprecated, use ConfigDict instead. Deprecated in Pydantic V2.0 to be removed in V3.0. See Pydantic V2 Migration Guide at https://errors.pydantic.dev/2.13/migration/
    class SkillOut(BaseModel):

app\schemas\service.py:37
  D:\Lynvia\backend\app\schemas\service.py:37: PydanticDeprecatedSince20: Support for class-based `config` is deprecated, use ConfigDict instead. Deprecated in Pydantic V2.0 to be removed in V3.0. See Pydantic V2 Migration Guide at https://errors.pydantic.dev/2.13/migration/
    class ServiceOut(BaseModel):

app\schemas\service.py:56
  D:\Lynvia\backend\app\schemas\service.py:56: PydanticDeprecatedSince20: Support for class-based `config` is deprecated, use ConfigDict instead. Deprecated in Pydantic V2.0 to be removed in V3.0. See Pydantic V2 Migration Guide at https://errors.pydantic.dev/2.13/migration/
    class SpecializationOut(BaseModel):

app\schemas\service.py:72
  D:\Lynvia\backend\app\schemas\service.py:72: PydanticDeprecatedSince20: Support for class-based `config` is deprecated, use ConfigDict instead. Deprecated in Pydantic V2.0 to be removed in V3.0. See Pydantic V2 Migration Guide at https://errors.pydantic.dev/2.13/migration/
    class AvailabilityOut(BaseModel):

app\schemas\service.py:83
  D:\Lynvia\backend\app\schemas\service.py:83: PydanticDeprecatedSince20: Support for class-based `config` is deprecated, use ConfigDict instead. Deprecated in Pydantic V2.0 to be removed in V3.0. See Pydantic V2 Migration Guide at https://errors.pydantic.dev/2.13/migration/
    class DesignerDiscoveryOut(BaseModel):

app\schemas\project.py:32
  D:\Lynvia\backend\app\schemas\project.py:32: PydanticDeprecatedSince20: Support for class-based `config` is deprecated, use ConfigDict instead. Deprecated in Pydantic V2.0 to be removed in V3.0. See Pydantic V2 Migration Guide at https://errors.pydantic.dev/2.13/migration/
    class ProjectOut(BaseModel):

app\schemas\portfolio.py:13
  D:\Lynvia\backend\app\schemas\portfolio.py:13: PydanticDeprecatedSince20: Support for class-based `config` is deprecated, use ConfigDict instead. Deprecated in Pydantic V2.0 to be removed in V3.0. See Pydantic V2 Migration Guide at https://errors.pydantic.dev/2.13/migration/
    class MediaOut(BaseModel):

app\schemas\portfolio.py:43
  D:\Lynvia\backend\app\schemas\portfolio.py:43: PydanticDeprecatedSince20: Support for class-based `config` is deprecated, use ConfigDict instead. Deprecated in Pydantic V2.0 to be removed in V3.0. See Pydantic V2 Migration Guide at https://errors.pydantic.dev/2.13/migration/
    class PortfolioOut(BaseModel):

app\schemas\workspace.py:34
  D:\Lynvia\backend\app\schemas\workspace.py:34: PydanticDeprecatedSince20: Support for class-based `config` is deprecated, use ConfigDict instead. Deprecated in Pydantic V2.0 to be removed in V3.0. See Pydantic V2 Migration Guide at https://errors.pydantic.dev/2.13/migration/
    class MilestoneOut(MilestoneBase):

app\schemas\workspace.py:68
  D:\Lynvia\backend\app\schemas\workspace.py:68: PydanticDeprecatedSince20: Support for class-based `config` is deprecated, use ConfigDict instead. Deprecated in Pydantic V2.0 to be removed in V3.0. See Pydantic V2 Migration Guide at https://errors.pydantic.dev/2.13/migration/
    class TaskOut(TaskBase):

app\schemas\workspace.py:93
  D:\Lynvia\backend\app\schemas\workspace.py:93: PydanticDeprecatedSince20: Support for class-based `config` is deprecated, use ConfigDict instead. Deprecated in Pydantic V2.0 to be removed in V3.0. See Pydantic V2 Migration Guide at https://errors.pydantic.dev/2.13/migration/
    class FileMetadataOut(FileMetadataBase):

app\schemas\workspace.py:115
  D:\Lynvia\backend\app\schemas\workspace.py:115: PydanticDeprecatedSince20: Support for class-based `config` is deprecated, use ConfigDict instead. Deprecated in Pydantic V2.0 to be removed in V3.0. See Pydantic V2 Migration Guide at https://errors.pydantic.dev/2.13/migration/
    class ProjectEventOut(ProjectEventBase):

app\schemas\workspace.py:137
  D:\Lynvia\backend\app\schemas\workspace.py:137: PydanticDeprecatedSince20: Support for class-based `config` is deprecated, use ConfigDict instead. Deprecated in Pydantic V2.0 to be removed in V3.0. See Pydantic V2 Migration Guide at https://errors.pydantic.dev/2.13/migration/
    class RevisionOut(RevisionBase):

app\schemas\workspace.py:158
  D:\Lynvia\backend\app\schemas\workspace.py:158: PydanticDeprecatedSince20: Support for class-based `config` is deprecated, use ConfigDict instead. Deprecated in Pydantic V2.0 to be removed in V3.0. See Pydantic V2 Migration Guide at https://errors.pydantic.dev/2.13/migration/
    class DeliveryOut(DeliveryBase):

app\schemas\workspace.py:174
  D:\Lynvia\backend\app\schemas\workspace.py:174: PydanticDeprecatedSince20: Support for class-based `config` is deprecated, use ConfigDict instead. Deprecated in Pydantic V2.0 to be removed in V3.0. See Pydantic V2 Migration Guide at https://errors.pydantic.dev/2.13/migration/
    class ProjectWorkspaceOut(BaseModel):

app\schemas\invitation.py:18
  D:\Lynvia\backend\app\schemas\invitation.py:18: PydanticDeprecatedSince20: Support for class-based `config` is deprecated, use ConfigDict instead. Deprecated in Pydantic V2.0 to be removed in V3.0. See Pydantic V2 Migration Guide at https://errors.pydantic.dev/2.13/migration/
    class InvitationOut(BaseModel):

tests/test_disputes.py: 35 warnings
  C:\Users\Viswa\AppData\Local\Programs\Python\Python311\Lib\site-packages\jwt\api_jwt.py:147: InsecureKeyLengthWarning: The HMAC key is 17 bytes long, which is below the minimum recommended length of 32 bytes for SHA256. See RFC 7518 Section 3.2.
    return self._jws.encode(

tests/test_disputes.py: 35 warnings
  C:\Users\Viswa\AppData\Local\Programs\Python\Python311\Lib\site-packages\jwt\api_jwt.py:368: InsecureKeyLengthWarning: The HMAC key is 17 bytes long, which is below the minimum recommended length of 32 bytes for SHA256. See RFC 7518 Section 3.2.
    decoded = self.decode_complete(

-- Docs: https://docs.pytest.org/en/stable/how-to/capture-warnings.html
================= 35 passed, 97 warnings in 146.13s (0:02:26) =================
